[18:28:26] [Server thread/INFO]: Starting minecraft server version 1.9.4
[18:28:26] [Server thread/INFO]: Loading properties
[18:28:26] [Server thread/INFO]: Default game type: SURVIVAL
[18:28:28] [Server thread/INFO]: This server is running CraftBukkit version git-Spigot-4af49dc-c5e9a16 (MC: 1.9.4) (Implementing API version 1.9.4-R0.1-SNAPSHOT)
[18:28:33] [Server thread/INFO]: Debug logging is disabled
[18:28:33] [Server thread/INFO]: Server Ping Player Sample Count: 12
[18:28:33] [Server thread/INFO]: Using 4 threads for Netty based IO
[18:28:33] [Server thread/INFO]: Generating keypair
[18:28:36] [Server thread/INFO]: Starting Minecraft server on *:25565
[18:28:36] [Server thread/INFO]: Using default channel type
[18:28:39] [Server thread/INFO]: Set PluginClassLoader as parallel capable
[18:28:40] [Server thread/INFO]: [WorldEdit] Loading WorldEdit v6.1.9;caf0ad9
[18:28:40] [Server thread/INFO]: [Skript] Loading Skript v2.1.2
[18:28:40] [Server thread/INFO]: [SkExtras] Loading SkExtras v3.9.1
[18:28:40] [Server thread/INFO]: [SkQuery] Loading SkQuery v3.21.4
[18:28:40] [Server thread/INFO]: **** Beginning UUID conversion, this may take A LONG time ****
[18:28:41] [Server thread/INFO]: Preparing level "world"
[18:28:42] [Server thread/INFO]: -------- World Settings For [world] --------
[18:28:42] [Server thread/INFO]: Item Despawn Rate: 6000
[18:28:42] [Server thread/INFO]: Item Merge Radius: 2.5
[18:28:42] [Server thread/INFO]: View Distance: 10
[18:28:42] [Server thread/INFO]: Allow Zombie Pigmen to spawn from portal blocks: true
[18:28:42] [Server thread/INFO]: Zombie Aggressive Towards Villager: true
[18:28:42] [Server thread/INFO]: Arrow Despawn Rate: 1200
[18:28:42] [Server thread/INFO]: Experience Merge Radius: 3.0
[18:28:42] [Server thread/INFO]: Max Entity Collisions: 8
[18:28:42] [Server thread/INFO]: Custom Map Seeds:  Village: 10387312 Feature: 14357617
[18:28:42] [Server thread/INFO]: Cactus Growth Modifier: 100%
[18:28:42] [Server thread/INFO]: Cane Growth Modifier: 100%
[18:28:42] [Server thread/INFO]: Melon Growth Modifier: 100%
[18:28:42] [Server thread/INFO]: Mushroom Growth Modifier: 100%
[18:28:42] [Server thread/INFO]: Pumpkin Growth Modifier: 100%
[18:28:42] [Server thread/INFO]: Sapling Growth Modifier: 100%
[18:28:42] [Server thread/INFO]: Wheat Growth Modifier: 100%
[18:28:42] [Server thread/INFO]: NetherWart Growth Modifier: 100%
[18:28:42] [Server thread/INFO]: Nerfing mobs spawned from spawners: false
[18:28:42] [Server thread/INFO]: Hopper Transfer: 8 Hopper Check: 8 Hopper Amount: 1
[18:28:42] [Server thread/INFO]: Mob Spawn Range: 4
[18:28:42] [Server thread/INFO]: Entity Activation Range: An 32 / Mo 32 / Mi 16
[18:28:42] [Server thread/INFO]: Structure Info Saving: true
[18:28:42] [Server thread/INFO]: Entity Tracking Range: Pl 48 / An 48 / Mo 48 / Mi 32 / Other 64
[18:28:42] [Server thread/INFO]: Random Lighting Updates: false
[18:28:42] [Server thread/INFO]: Max TNT Explosions: 100
[18:28:42] [Server thread/INFO]: Tile Max Tick Time: 50ms Entity max Tick Time: 50ms
[18:28:46] [Server thread/INFO]: -------- World Settings For [world_nether] --------
[18:28:46] [Server thread/INFO]: Item Despawn Rate: 6000
[18:28:46] [Server thread/INFO]: Item Merge Radius: 2.5
[18:28:46] [Server thread/INFO]: View Distance: 10
[18:28:46] [Server thread/INFO]: Allow Zombie Pigmen to spawn from portal blocks: true
[18:28:46] [Server thread/INFO]: Zombie Aggressive Towards Villager: true
[18:28:46] [Server thread/INFO]: Arrow Despawn Rate: 1200
[18:28:46] [Server thread/INFO]: Experience Merge Radius: 3.0
[18:28:46] [Server thread/INFO]: Max Entity Collisions: 8
[18:28:46] [Server thread/INFO]: Custom Map Seeds:  Village: 10387312 Feature: 14357617
[18:28:46] [Server thread/INFO]: Cactus Growth Modifier: 100%
[18:28:46] [Server thread/INFO]: Cane Growth Modifier: 100%
[18:28:46] [Server thread/INFO]: Melon Growth Modifier: 100%
[18:28:46] [Server thread/INFO]: Mushroom Growth Modifier: 100%
[18:28:46] [Server thread/INFO]: Pumpkin Growth Modifier: 100%
[18:28:46] [Server thread/INFO]: Sapling Growth Modifier: 100%
[18:28:46] [Server thread/INFO]: Wheat Growth Modifier: 100%
[18:28:46] [Server thread/INFO]: NetherWart Growth Modifier: 100%
[18:28:46] [Server thread/INFO]: Nerfing mobs spawned from spawners: false
[18:28:46] [Server thread/INFO]: Hopper Transfer: 8 Hopper Check: 8 Hopper Amount: 1
[18:28:46] [Server thread/INFO]: Mob Spawn Range: 4
[18:28:46] [Server thread/INFO]: Entity Activation Range: An 32 / Mo 32 / Mi 16
[18:28:46] [Server thread/INFO]: Structure Info Saving: true
[18:28:46] [Server thread/INFO]: Entity Tracking Range: Pl 48 / An 48 / Mo 48 / Mi 32 / Other 64
[18:28:46] [Server thread/INFO]: Random Lighting Updates: false
[18:28:46] [Server thread/INFO]: Max TNT Explosions: 100
[18:28:46] [Server thread/INFO]: Tile Max Tick Time: 50ms Entity max Tick Time: 50ms
[18:28:49] [Server thread/INFO]: -------- World Settings For [world_the_end] --------
[18:28:49] [Server thread/INFO]: Item Despawn Rate: 6000
[18:28:49] [Server thread/INFO]: Item Merge Radius: 2.5
[18:28:49] [Server thread/INFO]: View Distance: 10
[18:28:49] [Server thread/INFO]: Allow Zombie Pigmen to spawn from portal blocks: true
[18:28:49] [Server thread/INFO]: Zombie Aggressive Towards Villager: true
[18:28:49] [Server thread/INFO]: Arrow Despawn Rate: 1200
[18:28:49] [Server thread/INFO]: Experience Merge Radius: 3.0
[18:28:49] [Server thread/INFO]: Max Entity Collisions: 8
[18:28:49] [Server thread/INFO]: Custom Map Seeds:  Village: 10387312 Feature: 14357617
[18:28:49] [Server thread/INFO]: Cactus Growth Modifier: 100%
[18:28:49] [Server thread/INFO]: Cane Growth Modifier: 100%
[18:28:49] [Server thread/INFO]: Melon Growth Modifier: 100%
[18:28:49] [Server thread/INFO]: Mushroom Growth Modifier: 100%
[18:28:49] [Server thread/INFO]: Pumpkin Growth Modifier: 100%
[18:28:49] [Server thread/INFO]: Sapling Growth Modifier: 100%
[18:28:49] [Server thread/INFO]: Wheat Growth Modifier: 100%
[18:28:49] [Server thread/INFO]: NetherWart Growth Modifier: 100%
[18:28:49] [Server thread/INFO]: Nerfing mobs spawned from spawners: false
[18:28:49] [Server thread/INFO]: Hopper Transfer: 8 Hopper Check: 8 Hopper Amount: 1
[18:28:49] [Server thread/INFO]: Mob Spawn Range: 4
[18:28:49] [Server thread/INFO]: Entity Activation Range: An 32 / Mo 32 / Mi 16
[18:28:49] [Server thread/INFO]: Structure Info Saving: true
[18:28:49] [Server thread/INFO]: Entity Tracking Range: Pl 48 / An 48 / Mo 48 / Mi 32 / Other 64
[18:28:49] [Server thread/INFO]: Random Lighting Updates: false
[18:28:49] [Server thread/INFO]: Max TNT Explosions: 100
[18:28:49] [Server thread/INFO]: Tile Max Tick Time: 50ms Entity max Tick Time: 50ms
[18:28:50] [Server thread/INFO]: Preparing start region for level 0 (Seed: 1161674897140433266)
[18:28:52] [Server thread/INFO]: Preparing spawn area: 0%
[18:28:53] [Server thread/INFO]: Preparing spawn area: 35%
[18:28:54] [Server thread/INFO]: Preparing spawn area: 54%
[18:28:55] [Server thread/INFO]: Preparing start region for level 1 (Seed: -7790355103017446057)
[18:28:56] [Server thread/INFO]: Preparing spawn area: 21%
[18:28:57] [Server thread/INFO]: Preparing spawn area: 47%
[18:28:58] [Server thread/INFO]: Preparing spawn area: 82%
[18:28:58] [Server thread/INFO]: Preparing start region for level 2 (Seed: -7790355103017446057)
[18:28:59] [Server thread/INFO]: Preparing spawn area: 65%
[18:28:59] [Server thread/INFO]: [WorldEdit] Enabling WorldEdit v6.1.9;caf0ad9
[18:29:02] [Server thread/INFO]: WEPIF: Using the Bukkit Permissions API.
[18:29:02] [Server thread/INFO]: [WorldEdit] Using com.sk89q.worldedit.bukkit.adapter.impl.Spigot_v1_9_R2 as the Bukkit adapter
[18:29:02] [Server thread/INFO]: [Skript] Enabling Skript v2.1.2
[18:29:18] [Server thread/INFO]: [Skript] Loaded a total of 11504 english aliases
[18:29:18] [Server thread/WARN]: [Skript] There are no aliases defined for the following ids: 165, 166, 167, 168, 169, 176, 177, 178, 179, 180, 181, 182, 183, 184, 185, 186, 187, 188, 189, 190, 191, 192, 193, 194, 195, 196, 197, 198, 199, 200, 201, 202, 203, 204, 205, 206, 207, 208, 209, 210, 211, 212, 255, 409, 410, 411, 412, 413, 414, 415, 416, 423, 424, 425, 426, 427, 428, 429, 430, 431, 432, 433, 434, 435, 436, 437, 438, 439, 440, 441, 442, 443, 444, 445, 446, 447, 448
[18:29:18] [Server thread/INFO]: [Skript]  ~ created by & © Peter Güttinger aka Njol ~
[18:29:18] [Server thread/INFO]: [SkExtras] Enabling SkExtras v3.9.1
[18:29:18] [Server thread/ERROR]: [SkExtras] LibsDisguise wasn't found, so I'm not going to load it's stuff :3
[18:29:18] [Server thread/INFO]: [SkExtras] ProtocolLib wasn't found! You can't do some awesome things now!
[18:29:18] [Server thread/INFO]: [SkExtras] [SkExtras] Registered Collision Event
[18:29:18] [Server thread/INFO]: [SkExtras] [SkExtras] Registered Anvil Rename Event
[18:29:18] [Server thread/INFO]: [SkExtras] [SkExtras] Registered Move Freeze Event
[18:29:18] [Server thread/INFO]: [SkQuery] Enabling SkQuery v3.21.4
[18:29:18] [Server thread/INFO]: [skQuery] Snooping enabled from com.w00tmast3r.skquery.SkQuery
[18:29:18] [Server thread/INFO]: [skQuery] Locating classes from SkQuery...
[18:29:19] [Server thread/INFO]: [skQuery] Finished snooping of SkQuery with 163 classes.
[18:29:19] [Server thread/INFO]: [skQuery] Beginning to process a total of 163 from SkQuery
[18:29:19] [Server thread/INFO]: [skQuery] Out of 163 classes, 156 classes were loaded from SkQuery
[18:29:19] [Server thread/INFO]: Server permissions file permissions.yml is empty, ignoring it
[18:29:19] [Server thread/INFO]: Done (38,337s)! For help, type "help" or "?"
[18:29:20] [Craft Scheduler Thread - 0/INFO]: [0;37;22m[[0;33;22mSkript[0;37;22m][m Checking for the latest version of Skript...[m
[18:29:21] [Server thread/WARN]: [Skript] Using an ID instead of an alias is discouraged and will likely not be supported in future versions of Skript anymore. Please replace '57' with e.g. 'diamond block'. (core.sk, line 34: on rightclick on 57:')
[18:29:21] [Server thread/INFO]: [Skript] All scripts loaded without errors.
[18:29:21] [Server thread/INFO]: [Skript] Loaded 2 scripts with a total of 3 triggers and 4 commands in 1.12 seconds
[18:29:21] [Server thread/INFO]: [Skript] Finished loading.
[18:29:21] [Craft Scheduler Thread - 0/WARN]: Exception in thread "Craft Scheduler Thread - 0" 
[18:29:22] [Craft Scheduler Thread - 0/WARN]: org.apache.commons.lang.UnhandledException: Plugin Skript v2.1.2 generated an exception while executing task 7
	at org.bukkit.craftbukkit.v1_9_R2.scheduler.CraftAsyncTask.run(CraftAsyncTask.java:56)
	at java.util.concurrent.ThreadPoolExecutor.runWorker(Unknown Source)
	at java.util.concurrent.ThreadPoolExecutor$Worker.run(Unknown Source)
	at java.lang.Thread.run(Unknown Source)
Caused by: java.lang.NoSuchMethodError: org.bukkit.Server.getOnlinePlayers()[Lorg/bukkit/entity/Player;
	at ch.njol.skript.Metrics.postPlugin(Metrics.java:347)
	at ch.njol.skript.Metrics$1.run(Metrics.java:235)
	at org.bukkit.craftbukkit.v1_9_R2.scheduler.CraftTask.run(CraftTask.java:71)
	at org.bukkit.craftbukkit.v1_9_R2.scheduler.CraftAsyncTask.run(CraftAsyncTask.java:53)
	... 3 more

[18:29:54] [Skript update thread/INFO]: [0;37;22m[[0;33;22mSkript[0;37;22m][m You're currently running the latest stable version of Skript.[m
[18:30:58] [User Authenticator #1/INFO]: UUID of player JblusInGame is a950cc62-968c-4669-befe-11e1f6430c72
[18:31:01] [Server thread/INFO]: JblusInGame[/192.168.1.61:60197] logged in with entity id 13 at ([world]-11.099413646065864, 147.0, 0.22372615096995957)
[18:32:54] [Server thread/INFO]: JblusInGame issued server command: /ui
[18:32:54] [Server thread/INFO]: JblusInGame: /ui
[18:33:05] [Server thread/INFO]: JblusInGame issued server command: /ui
[18:33:05] [Server thread/INFO]: JblusInGame: /ui
[18:33:15] [Server thread/INFO]: JblusInGame issued server command: /ui
[18:33:15] [Server thread/INFO]: JblusInGame: /ui
[18:34:30] [Server thread/INFO]: JblusInGame issued server command: /sk reload core
[18:34:37] [Server thread/WARN]: JblusInGame moved too quickly! -1.7259202531848752,2.176759275064228,-12.13123450098077
[18:34:49] [Server thread/INFO]: JblusInGame issued server command: /sk reload core
[18:36:38] [Server thread/INFO]: JblusInGame issued server command: /sk relaod core
[18:36:46] [Server thread/INFO]: JblusInGame issued server command: /sk reload core
[18:36:50] [Server thread/INFO]: JblusInGame issued server command: /bonjours
[18:36:50] [Server thread/INFO]: JblusInGame: /bonjours
[18:37:00] [Server thread/WARN]: JblusInGame moved too quickly! 23.25762889165348,-1.7508129212553172,8.436187160463893
[18:37:16] [Server thread/INFO]: JblusInGame issued server command: /sk reload core
[18:37:20] [Server thread/INFO]: JblusInGame issued server command: /bonjours
[18:37:20] [Server thread/INFO]: JblusInGame: /bonjours
[18:37:20] [Server thread/ERROR]: Could not pass event PlayerCommandPreprocessEvent to Skript v2.1.2
org.bukkit.event.EventException
	at org.bukkit.plugin.java.JavaPluginLoader$1.execute(JavaPluginLoader.java:310) ~[spigot.jar:git-Spigot-4af49dc-c5e9a16]
	at org.bukkit.plugin.RegisteredListener.callEvent(RegisteredListener.java:62) ~[spigot.jar:git-Spigot-4af49dc-c5e9a16]
	at org.bukkit.plugin.SimplePluginManager.fireEvent(SimplePluginManager.java:502) [spigot.jar:git-Spigot-4af49dc-c5e9a16]
	at org.bukkit.plugin.SimplePluginManager.callEvent(SimplePluginManager.java:487) [spigot.jar:git-Spigot-4af49dc-c5e9a16]
	at net.minecraft.server.v1_9_R2.PlayerConnection.handleCommand(PlayerConnection.java:1341) [spigot.jar:git-Spigot-4af49dc-c5e9a16]
	at net.minecraft.server.v1_9_R2.PlayerConnection.a(PlayerConnection.java:1184) [spigot.jar:git-Spigot-4af49dc-c5e9a16]
	at net.minecraft.server.v1_9_R2.PacketPlayInChat.a(PacketPlayInChat.java:45) [spigot.jar:git-Spigot-4af49dc-c5e9a16]
	at net.minecraft.server.v1_9_R2.PacketPlayInChat.a(PacketPlayInChat.java:1) [spigot.jar:git-Spigot-4af49dc-c5e9a16]
	at net.minecraft.server.v1_9_R2.PlayerConnectionUtils$1.run(SourceFile:13) [spigot.jar:git-Spigot-4af49dc-c5e9a16]
	at java.util.concurrent.Executors$RunnableAdapter.call(Unknown Source) [?:1.8.0_201]
	at java.util.concurrent.FutureTask.run(Unknown Source) [?:1.8.0_201]
	at net.minecraft.server.v1_9_R2.SystemUtils.a(SourceFile:45) [spigot.jar:git-Spigot-4af49dc-c5e9a16]
	at net.minecraft.server.v1_9_R2.MinecraftServer.D(MinecraftServer.java:726) [spigot.jar:git-Spigot-4af49dc-c5e9a16]
	at net.minecraft.server.v1_9_R2.DedicatedServer.D(DedicatedServer.java:399) [spigot.jar:git-Spigot-4af49dc-c5e9a16]
	at net.minecraft.server.v1_9_R2.MinecraftServer.C(MinecraftServer.java:665) [spigot.jar:git-Spigot-4af49dc-c5e9a16]
	at net.minecraft.server.v1_9_R2.MinecraftServer.run(MinecraftServer.java:564) [spigot.jar:git-Spigot-4af49dc-c5e9a16]
	at java.lang.Thread.run(Unknown Source) [?:1.8.0_201]
Caused by: java.lang.NoSuchMethodError: org.bukkit.Bukkit.getOnlinePlayers()[Lorg/bukkit/entity/Player;
	at ch.njol.skript.effects.EffBroadcast.execute(EffBroadcast.java:72) ~[?:?]
	at ch.njol.skript.lang.Effect.run(Effect.java:50) ~[?:?]
	at ch.njol.skript.lang.TriggerItem.walk(TriggerItem.java:63) ~[?:?]
	at ch.njol.skript.lang.TriggerItem.walk(TriggerItem.java:91) ~[?:?]
	at ch.njol.skript.lang.Trigger.execute(Trigger.java:53) ~[?:?]
	at ch.njol.skript.command.ScriptCommand$1.call(ScriptCommand.java:220) ~[?:?]
	at ch.njol.skript.command.ScriptCommand$1.call(ScriptCommand.java:1) ~[?:?]
	at ch.njol.skript.util.Task.callSync(Task.java:139) ~[?:?]
	at ch.njol.skript.command.ScriptCommand.execute(ScriptCommand.java:193) ~[?:?]
	at ch.njol.skript.command.Commands.handleCommand(Commands.java:260) ~[?:?]
	at ch.njol.skript.command.Commands$1.onPlayerCommand(Commands.java:155) ~[?:?]
	at sun.reflect.NativeMethodAccessorImpl.invoke0(Native Method) ~[?:1.8.0_201]
	at sun.reflect.NativeMethodAccessorImpl.invoke(Unknown Source) ~[?:1.8.0_201]
	at sun.reflect.DelegatingMethodAccessorImpl.invoke(Unknown Source) ~[?:1.8.0_201]
	at java.lang.reflect.Method.invoke(Unknown Source) ~[?:1.8.0_201]
	at org.bukkit.plugin.java.JavaPluginLoader$1.execute(JavaPluginLoader.java:306) ~[spigot.jar:git-Spigot-4af49dc-c5e9a16]
	... 16 more
[18:37:20] [Server thread/ERROR]: null
org.bukkit.command.CommandException: Unhandled exception executing command 'bonjours' in plugin Skript v2.1.2
	at org.bukkit.command.PluginCommand.execute(PluginCommand.java:46) ~[spigot.jar:git-Spigot-4af49dc-c5e9a16]
	at org.bukkit.command.SimpleCommandMap.dispatch(SimpleCommandMap.java:141) ~[spigot.jar:git-Spigot-4af49dc-c5e9a16]
	at org.bukkit.craftbukkit.v1_9_R2.CraftServer.dispatchCommand(CraftServer.java:645) ~[spigot.jar:git-Spigot-4af49dc-c5e9a16]
	at net.minecraft.server.v1_9_R2.PlayerConnection.handleCommand(PlayerConnection.java:1349) [spigot.jar:git-Spigot-4af49dc-c5e9a16]
	at net.minecraft.server.v1_9_R2.PlayerConnection.a(PlayerConnection.java:1184) [spigot.jar:git-Spigot-4af49dc-c5e9a16]
	at net.minecraft.server.v1_9_R2.PacketPlayInChat.a(PacketPlayInChat.java:45) [spigot.jar:git-Spigot-4af49dc-c5e9a16]
	at net.minecraft.server.v1_9_R2.PacketPlayInChat.a(PacketPlayInChat.java:1) [spigot.jar:git-Spigot-4af49dc-c5e9a16]
	at net.minecraft.server.v1_9_R2.PlayerConnectionUtils$1.run(SourceFile:13) [spigot.jar:git-Spigot-4af49dc-c5e9a16]
	at java.util.concurrent.Executors$RunnableAdapter.call(Unknown Source) [?:1.8.0_201]
	at java.util.concurrent.FutureTask.run(Unknown Source) [?:1.8.0_201]
	at net.minecraft.server.v1_9_R2.SystemUtils.a(SourceFile:45) [spigot.jar:git-Spigot-4af49dc-c5e9a16]
	at net.minecraft.server.v1_9_R2.MinecraftServer.D(MinecraftServer.java:726) [spigot.jar:git-Spigot-4af49dc-c5e9a16]
	at net.minecraft.server.v1_9_R2.DedicatedServer.D(DedicatedServer.java:399) [spigot.jar:git-Spigot-4af49dc-c5e9a16]
	at net.minecraft.server.v1_9_R2.MinecraftServer.C(MinecraftServer.java:665) [spigot.jar:git-Spigot-4af49dc-c5e9a16]
	at net.minecraft.server.v1_9_R2.MinecraftServer.run(MinecraftServer.java:564) [spigot.jar:git-Spigot-4af49dc-c5e9a16]
	at java.lang.Thread.run(Unknown Source) [?:1.8.0_201]
Caused by: java.lang.NoSuchMethodError: org.bukkit.Bukkit.getOnlinePlayers()[Lorg/bukkit/entity/Player;
	at ch.njol.skript.effects.EffBroadcast.execute(EffBroadcast.java:72) ~[?:?]
	at ch.njol.skript.lang.Effect.run(Effect.java:50) ~[?:?]
	at ch.njol.skript.lang.TriggerItem.walk(TriggerItem.java:63) ~[?:?]
	at ch.njol.skript.lang.TriggerItem.walk(TriggerItem.java:91) ~[?:?]
	at ch.njol.skript.lang.Trigger.execute(Trigger.java:53) ~[?:?]
	at ch.njol.skript.command.ScriptCommand$1.call(ScriptCommand.java:220) ~[?:?]
	at ch.njol.skript.command.ScriptCommand$1.call(ScriptCommand.java:1) ~[?:?]
	at ch.njol.skript.util.Task.callSync(Task.java:139) ~[?:?]
	at ch.njol.skript.command.ScriptCommand.execute(ScriptCommand.java:193) ~[?:?]
	at ch.njol.skript.command.ScriptCommand.onCommand(ScriptCommand.java:170) ~[?:?]
	at org.bukkit.command.PluginCommand.execute(PluginCommand.java:44) ~[spigot.jar:git-Spigot-4af49dc-c5e9a16]
	... 15 more
[18:37:29] [Server thread/INFO]: JblusInGame issued server command: /sa
[18:37:31] [Server thread/INFO]: JblusInGame issued server command: /say
[18:39:25] [Server thread/INFO]: JblusInGame issued server command: /help
[18:39:25] [Server thread/INFO]: JblusInGame: /help
[18:42:54] [Server thread/INFO]: JblusInGame issued server command: /sk reload core
[18:43:32] [Server thread/INFO]: JblusInGame issued server command: /sk reload core
[18:44:08] [Async Chat Thread - #0/INFO]: <JblusInGame> dsdsdsdsdsds[m
[18:44:20] [Async Chat Thread - #0/INFO]: <JblusInGame> df[m
[18:45:06] [Server thread/INFO]: JblusInGame issued server command: /sk reload core
[18:45:20] [Server thread/INFO]: JblusInGame issued server command: /kill @e[type=ArmorStand]
[18:45:20] [Server thread/INFO]: [JblusInGame: Killed > Grade <]
[18:45:50] [Server thread/INFO]: JblusInGame issued server command: /grade
[18:45:51] [Server thread/INFO]: JblusInGame: /grade
[18:45:55] [Server thread/INFO]: JblusInGame issued server command: /green
[18:46:12] [Server thread/INFO]: JblusInGame issued server command: //wand
[18:46:55] [Server thread/INFO]: JblusInGame issued server command: //green
[18:47:26] [Server thread/INFO]: JblusInGame issued server command: //replace 5 grass
[18:47:34] [Server thread/INFO]: JblusInGame issued server command: //replace 5 barrier
[18:47:46] [Server thread/INFO]: JblusInGame issued server command: //replace 5 dirt
[18:50:21] [Craft Scheduler Thread - 5/WARN]: Exception in thread "Craft Scheduler Thread - 5" 
[18:50:21] [Craft Scheduler Thread - 5/WARN]: org.apache.commons.lang.UnhandledException: Plugin Skript v2.1.2 generated an exception while executing task 7
	at org.bukkit.craftbukkit.v1_9_R2.scheduler.CraftAsyncTask.run(CraftAsyncTask.java:56)
	at java.util.concurrent.ThreadPoolExecutor.runWorker(Unknown Source)
	at java.util.concurrent.ThreadPoolExecutor$Worker.run(Unknown Source)
	at java.lang.Thread.run(Unknown Source)
Caused by: java.lang.NoSuchMethodError: org.bukkit.Server.getOnlinePlayers()[Lorg/bukkit/entity/Player;
	at ch.njol.skript.Metrics.postPlugin(Metrics.java:347)
	at ch.njol.skript.Metrics$1.run(Metrics.java:235)
	at org.bukkit.craftbukkit.v1_9_R2.scheduler.CraftTask.run(CraftTask.java:71)
	at org.bukkit.craftbukkit.v1_9_R2.scheduler.CraftAsyncTask.run(CraftAsyncTask.java:53)
	... 3 more

[18:51:26] [Server thread/INFO]: JblusInGame issued server command: /grade
[18:51:26] [Server thread/INFO]: JblusInGame: /grade
[19:03:27] [Server thread/INFO]: JblusInGame issued server command: /clear
[19:03:27] [Server thread/INFO]: [JblusInGame: Cleared the inventory of JblusInGame, removing 10 items]
[19:05:07] [Server thread/INFO]: JblusInGame issued server command: /grade
[19:05:07] [Server thread/INFO]: JblusInGame: /grade
[19:08:12] [Craft Scheduler Thread - 9/WARN]: Exception in thread "Craft Scheduler Thread - 9" 
[19:08:12] [Craft Scheduler Thread - 9/WARN]: org.apache.commons.lang.UnhandledException: Plugin Skript v2.1.2 generated an exception while executing task 7
	at org.bukkit.craftbukkit.v1_9_R2.scheduler.CraftAsyncTask.run(CraftAsyncTask.java:56)
	at java.util.concurrent.ThreadPoolExecutor.runWorker(Unknown Source)
	at java.util.concurrent.ThreadPoolExecutor$Worker.run(Unknown Source)
	at java.lang.Thread.run(Unknown Source)
Caused by: java.lang.NoSuchMethodError: org.bukkit.Server.getOnlinePlayers()[Lorg/bukkit/entity/Player;
	at ch.njol.skript.Metrics.postPlugin(Metrics.java:347)
	at ch.njol.skript.Metrics$1.run(Metrics.java:235)
	at org.bukkit.craftbukkit.v1_9_R2.scheduler.CraftTask.run(CraftTask.java:71)
	at org.bukkit.craftbukkit.v1_9_R2.scheduler.CraftAsyncTask.run(CraftAsyncTask.java:53)
	... 3 more

[19:09:02] [Server thread/INFO]: JblusInGame issued server command: /clear
[19:09:02] [Server thread/INFO]: [JblusInGame: Cleared the inventory of JblusInGame, removing 7 items]
[19:09:05] [Server thread/INFO]: JblusInGame issued server command: /grade
[19:09:05] [Server thread/INFO]: JblusInGame: /grade
[19:16:43] [Server thread/INFO]: JblusInGame issued server command: /sk reload core
[19:16:45] [Server thread/INFO]: JblusInGame issued server command: /grade
[19:16:45] [Server thread/INFO]: JblusInGame: /grade
[19:16:47] [Server thread/INFO]: JblusInGame issued server command: /perso
[19:16:47] [Server thread/INFO]: JblusInGame: /perso
[19:18:43] [Server thread/INFO]: JblusInGame issued server command: /sk reload core
[19:18:45] [Server thread/INFO]: JblusInGame issued server command: /perso
[19:18:45] [Server thread/INFO]: JblusInGame: /perso
[19:19:24] [Server thread/INFO]: JblusInGame issued server command: /sk reload core
[19:19:27] [Server thread/INFO]: JblusInGame issued server command: /perso
[19:19:27] [Server thread/INFO]: JblusInGame: /perso
[19:19:49] [Server thread/INFO]: JblusInGame issued server command: /sk reload core
[19:19:53] [Server thread/INFO]: JblusInGame issued server command: /perso
[19:19:53] [Server thread/INFO]: JblusInGame: /perso
[19:20:00] [Server thread/INFO]: JblusInGame issued server command: /grade
[19:20:00] [Server thread/INFO]: JblusInGame: /grade
[19:21:06] [Server thread/WARN]: JblusInGame moved too quickly! -17.399554548150462,-1.1661092609382138,-3.2148601111605437
[19:25:55] [Craft Scheduler Thread - 14/WARN]: Exception in thread "Craft Scheduler Thread - 14" 
[19:25:55] [Craft Scheduler Thread - 14/WARN]: org.apache.commons.lang.UnhandledException: Plugin Skript v2.1.2 generated an exception while executing task 7
	at org.bukkit.craftbukkit.v1_9_R2.scheduler.CraftAsyncTask.run(CraftAsyncTask.java:56)
	at java.util.concurrent.ThreadPoolExecutor.runWorker(Unknown Source)
	at java.util.concurrent.ThreadPoolExecutor$Worker.run(Unknown Source)
	at java.lang.Thread.run(Unknown Source)
Caused by: java.lang.NoSuchMethodError: org.bukkit.Server.getOnlinePlayers()[Lorg/bukkit/entity/Player;
	at ch.njol.skript.Metrics.postPlugin(Metrics.java:347)
	at ch.njol.skript.Metrics$1.run(Metrics.java:235)
	at org.bukkit.craftbukkit.v1_9_R2.scheduler.CraftTask.run(CraftTask.java:71)
	at org.bukkit.craftbukkit.v1_9_R2.scheduler.CraftAsyncTask.run(CraftAsyncTask.java:53)
	... 3 more

[19:29:30] [Server thread/INFO]: JblusInGame issued server command: /clear
[19:29:30] [Server thread/INFO]: [JblusInGame: Cleared the inventory of JblusInGame, removing 3 items]
[19:29:32] [Server thread/INFO]: JblusInGame issued server command: /perso
[19:29:32] [Server thread/INFO]: JblusInGame: /perso
[19:29:37] [Server thread/INFO]: JblusInGame issued server command: /grade
[19:29:37] [Server thread/INFO]: JblusInGame: /grade
[19:29:42] [Server thread/INFO]: JblusInGame issued server command: /clearchat
[19:29:45] [Server thread/INFO]: JblusInGame issued server command: /perso
[19:29:45] [Server thread/INFO]: JblusInGame: /perso
[19:35:06] [Server thread/INFO]: JblusInGame issued server command: /Clear
[19:35:06] [Server thread/INFO]: [JblusInGame: Cleared the inventory of JblusInGame, removing 3 items]
[19:35:13] [Server thread/INFO]: JblusInGame issued server command: /CLEAR
[19:35:13] [Server thread/INFO]: [JblusInGame: Could not clear the inventory of JblusInGame, no items to remove]
[19:35:19] [Server thread/INFO]: JblusInGame issued server command: /ClEaR
[19:35:19] [Server thread/INFO]: [JblusInGame: Could not clear the inventory of JblusInGame, no items to remove]
[19:35:28] [Server thread/INFO]: JblusInGame issued server command: /grade
[19:35:28] [Server thread/INFO]: JblusInGame: /grade
[19:35:37] [Server thread/INFO]: JblusInGame issued server command: /help
[19:35:37] [Server thread/INFO]: JblusInGame: /help
[19:44:17] [Craft Scheduler Thread - 19/WARN]: Exception in thread "Craft Scheduler Thread - 19" 
[19:44:18] [Craft Scheduler Thread - 19/WARN]: org.apache.commons.lang.UnhandledException: Plugin Skript v2.1.2 generated an exception while executing task 7
	at org.bukkit.craftbukkit.v1_9_R2.scheduler.CraftAsyncTask.run(CraftAsyncTask.java:56)
	at java.util.concurrent.ThreadPoolExecutor.runWorker(Unknown Source)
	at java.util.concurrent.ThreadPoolExecutor$Worker.run(Unknown Source)
	at java.lang.Thread.run(Unknown Source)
Caused by: java.lang.NoSuchMethodError: org.bukkit.Server.getOnlinePlayers()[Lorg/bukkit/entity/Player;
	at ch.njol.skript.Metrics.postPlugin(Metrics.java:347)
	at ch.njol.skript.Metrics$1.run(Metrics.java:235)
	at org.bukkit.craftbukkit.v1_9_R2.scheduler.CraftTask.run(CraftTask.java:71)
	at org.bukkit.craftbukkit.v1_9_R2.scheduler.CraftAsyncTask.run(CraftAsyncTask.java:53)
	... 3 more

[19:46:03] [Server thread/INFO]: JblusInGame issued server command: /stop
[19:46:04] [Server thread/INFO]: [JblusInGame: Stopping the server]
[19:46:04] [Server thread/INFO]: Stopping server
[19:46:04] [Server thread/INFO]: [SkQuery] Disabling SkQuery v3.21.4
[19:46:12] [Server thread/INFO]: [SkExtras] Disabling SkExtras v3.9.1
[19:46:12] [Server thread/INFO]: [Skript] Disabling Skript v2.1.2
